<?xml version="1.0" encoding="UTF-8"?>
<!-- Generated by org.testng.reporters.JUnitXMLReporter -->
<testsuite hostname="LAPTOP-RI98HJAQ" ignored="1" name="Default test" tests="1" failures="0" timestamp="24 Dec 2018 15:44:04 GMT" time="0.264" errors="0">
  <testcase name="saveUserCase1" time="0.013" classname="com.arman.armaNote.seerviceImpl.UserServiceImplTest"/>
  <testcase name="findUserByUsernameOrEmailCase1" time="0.0" classname="com.arman.armaNote.seerviceImpl.UserServiceImplTest">
    <ignored/>
  </testcase> <!-- findUserByUsernameOrEmailCase1 -->
</testsuite> <!-- Default test -->
