<?xml version="1.0" encoding="UTF-8"?>
<!-- Generated by org.testng.reporters.JUnitXMLReporter -->
<testsuite hostname="LAPTOP-RI98HJAQ" ignored="5" name="Default test" tests="1" failures="0" timestamp="29 Jan 2019 13:58:59 GMT" time="1.101" errors="0">
  <testcase name="saveUserCase1" time="0.204" classname="com.arman.armaNote.api.UserControllerTest"/>
  <testcase name="updateUserCase1" time="0.0" classname="com.arman.armaNote.api.UserControllerTest">
    <ignored/>
  </testcase> <!-- updateUserCase1 -->
  <testcase name="getUserCase1" time="0.0" classname="com.arman.armaNote.api.UserControllerTest">
    <ignored/>
  </testcase> <!-- getUserCase1 -->
  <testcase name="getUserCase2" time="0.0" classname="com.arman.armaNote.api.UserControllerTest">
    <ignored/>
  </testcase> <!-- getUserCase2 -->
  <testcase name="updateUserCase2" time="0.0" classname="com.arman.armaNote.api.UserControllerTest">
    <ignored/>
  </testcase> <!-- updateUserCase2 -->
  <testcase name="getUsersCase1" time="0.0" classname="com.arman.armaNote.api.UserControllerTest">
    <ignored/>
  </testcase> <!-- getUsersCase1 -->
</testsuite> <!-- Default test -->
