<?xml version="1.0" encoding="UTF-8"?>
<testng-results skipped="0" failed="0" ignored="1" total="2" passed="1">
  <reporter-output>
  </reporter-output>
  <suite name="Default suite" duration-ms="264" started-at="2018-12-24T15:44:03Z" finished-at="2018-12-24T15:44:04Z">
    <groups>
      <group name="UNIT">
        <method signature="UserServiceImplTest.saveUserCase1(java.util.List, com.arman.armaNote.model.Role)[pri:0, instance:com.arman.armaNote.seerviceImpl.UserServiceImplTest@2db7a79b]" name="saveUserCase1" class="com.arman.armaNote.seerviceImpl.UserServiceImplTest"/>
      </group> <!-- UNIT -->
    </groups>
    <test name="Default test" duration-ms="264" started-at="2018-12-24T15:44:03Z" finished-at="2018-12-24T15:44:04Z">
      <class name="com.arman.armaNote.seerviceImpl.UserServiceImplTest">
        <test-method status="PASS" signature="init()[pri:0, instance:com.arman.armaNote.seerviceImpl.UserServiceImplTest@2db7a79b]" name="init" is-config="true" duration-ms="228" started-at="2018-12-24T21:14:03Z" finished-at="2018-12-24T21:14:04Z">
          <reporter-output>
          </reporter-output>
        </test-method> <!-- init -->
        <test-method status="PASS" signature="saveUserCase1(java.util.List, com.arman.armaNote.model.Role)[pri:0, instance:com.arman.armaNote.seerviceImpl.UserServiceImplTest@2db7a79b]" name="saveUserCase1" duration-ms="13" started-at="2018-12-24T21:14:04Z" data-provider="usersAndRolesDataProvider" finished-at="2018-12-24T21:14:04Z">
          <params>
            <param index="0">
              <value>
                <![CDATA[[com.arman.armaNote.model.User@6aba2b86, com.arman.armaNote.model.User@158da8e]]]>
              </value>
            </param>
            <param index="1">
              <value>
                <![CDATA[com.arman.armaNote.model.Role@74e52303]]>
              </value>
            </param>
          </params>
          <reporter-output>
          </reporter-output>
        </test-method> <!-- saveUserCase1 -->
      </class> <!-- com.arman.armaNote.seerviceImpl.UserServiceImplTest -->
    </test> <!-- Default test -->
  </suite> <!-- Default suite -->
</testng-results>
